TN:
SF:src\anagram.js
FN:1,(anonymous_0)
FN:5,formatStr
FNF:2
FNH:2
FNDA:2,(anonymous_0)
FNDA:4,formatStr
DA:1,1
DA:2,2
DA:6,4
DA:9,1
LF:4
LH:4
BRF:0
BRH:0
end_of_record
TN:
SF:src\analiseDeDados.js
FN:2,(anonymous_0)
FN:6,(anonymous_1)
FN:11,(anonymous_2)
FN:15,(anonymous_3)
FN:16,(anonymous_4)
FN:19,(anonymous_5)
FN:21,(anonymous_6)
FN:24,(anonymous_7)
FN:31,(anonymous_8)
FN:33,(anonymous_9)
FN:40,(anonymous_10)
FN:44,(anonymous_11)
FN:47,(anonymous_12)
FN:50,(anonymous_13)
FN:55,(anonymous_14)
FN:59,(anonymous_15)
FN:63,(anonymous_16)
FN:66,(anonymous_17)
FN:67,(anonymous_18)
FN:70,(anonymous_19)
FN:79,(anonymous_20)
FN:80,(anonymous_21)
FN:83,(anonymous_22)
FN:84,(anonymous_23)
FN:87,(anonymous_24)
FN:91,(anonymous_25)
FN:97,(anonymous_26)
FN:103,(anonymous_27)
FN:106,(anonymous_28)
FN:110,(anonymous_29)
FN:112,(anonymous_30)
FN:113,(anonymous_31)
FN:114,(anonymous_32)
FNF:33
FNH:33
FNDA:30,(anonymous_0)
FNDA:22,(anonymous_1)
FNDA:1,(anonymous_2)
FNDA:7,(anonymous_3)
FNDA:24,(anonymous_4)
FNDA:10,(anonymous_5)
FNDA:33,(anonymous_6)
FNDA:3,(anonymous_7)
FNDA:3,(anonymous_8)
FNDA:14,(anonymous_9)
FNDA:9,(anonymous_10)
FNDA:5,(anonymous_11)
FNDA:19,(anonymous_12)
FNDA:3,(anonymous_13)
FNDA:4,(anonymous_14)
FNDA:4,(anonymous_15)
FNDA:2,(anonymous_16)
FNDA:3,(anonymous_17)
FNDA:3,(anonymous_18)
FNDA:4,(anonymous_19)
FNDA:1,(anonymous_20)
FNDA:3,(anonymous_21)
FNDA:1,(anonymous_22)
FNDA:3,(anonymous_23)
FNDA:1,(anonymous_24)
FNDA:1,(anonymous_25)
FNDA:1,(anonymous_26)
FNDA:4,(anonymous_27)
FNDA:2,(anonymous_28)
FNDA:3,(anonymous_29)
FNDA:3,(anonymous_30)
FNDA:3,(anonymous_31)
FNDA:3,(anonymous_32)
DA:3,30
DA:7,22
DA:8,21
DA:12,1
DA:16,24
DA:20,10
DA:21,33
DA:25,3
DA:26,3
DA:27,3
DA:28,3
DA:32,3
DA:33,3
DA:34,14
DA:35,14
DA:38,3
DA:39,3
DA:40,9
DA:45,5
DA:46,5
DA:47,19
DA:51,3
DA:52,3
DA:56,4
DA:60,4
DA:64,2
DA:65,2
DA:66,3
DA:67,3
DA:71,4
DA:72,3
DA:73,3
DA:74,3
DA:75,3
DA:76,3
DA:80,3
DA:84,3
DA:88,1
DA:92,1
DA:93,1
DA:94,1
DA:98,1
DA:99,1
DA:100,1
DA:101,1
DA:102,1
DA:103,4
DA:107,2
DA:109,1
DA:110,3
DA:112,3
DA:113,3
DA:114,3
DA:116,1
DA:121,1
LF:55
LH:55
BRDA:2,0,0,24
BRDA:7,1,0,1
BRDA:7,1,1,21
BRDA:20,2,0,1
BRDA:20,2,1,9
BRDA:25,3,0,0
BRDA:25,3,1,3
BRDA:28,4,0,1
BRDA:28,4,1,2
BRDA:32,5,0,0
BRDA:32,5,1,3
BRDA:34,6,0,14
BRDA:34,6,1,9
BRDA:45,7,0,0
BRDA:45,7,1,5
BRDA:52,8,0,3
BRDA:52,8,1,0
BRDA:56,9,0,4
BRDA:56,9,1,0
BRDA:60,10,0,4
BRDA:60,10,1,0
BRDA:66,11,0,1
BRDA:66,11,1,1
BRDA:71,12,0,1
BRDA:71,12,1,3
BRDA:71,13,0,4
BRDA:71,13,1,4
BRDA:71,13,2,4
BRDA:76,14,0,3
BRDA:76,14,1,0
BRDA:94,15,0,1
BRDA:94,15,1,0
BRDA:97,16,0,0
BRDA:103,17,0,4
BRDA:103,17,1,3
BRDA:107,18,0,1
BRDA:107,18,1,1
BRDA:107,19,0,2
BRDA:107,19,1,2
BRDA:116,20,0,1
BRDA:116,20,1,0
BRF:41
BRH:31
end_of_record
TN:
SF:src\banco.js
FN:2,(anonymous_0)
FN:9,(anonymous_1)
FN:16,(anonymous_2)
FN:26,(anonymous_3)
FN:33,(anonymous_4)
FN:38,(anonymous_5)
FN:43,(anonymous_6)
FN:48,(anonymous_7)
FN:56,(anonymous_8)
FN:64,(anonymous_9)
FN:71,(anonymous_10)
FN:73,(anonymous_11)
FN:74,(anonymous_12)
FNF:13
FNH:13
FNDA:27,(anonymous_0)
FNDA:5,(anonymous_1)
FNDA:7,(anonymous_2)
FNDA:2,(anonymous_3)
FNDA:1,(anonymous_4)
FNDA:1,(anonymous_5)
FNDA:1,(anonymous_6)
FNDA:3,(anonymous_7)
FNDA:2,(anonymous_8)
FNDA:3,(anonymous_9)
FNDA:2,(anonymous_10)
FNDA:2,(anonymous_11)
FNDA:2,(anonymous_12)
DA:3,27
DA:4,27
DA:5,27
DA:10,5
DA:11,5
DA:12,5
DA:17,7
DA:18,3
DA:20,4
DA:21,4
DA:22,4
DA:27,2
DA:28,1
DA:29,1
DA:34,1
DA:39,1
DA:44,1
DA:49,3
DA:50,1
DA:52,2
DA:57,2
DA:58,2
DA:59,2
DA:60,2
DA:65,3
DA:66,2
DA:67,2
DA:72,2
DA:73,2
DA:74,2
DA:79,1
LF:31
LH:31
BRDA:2,0,0,15
BRDA:17,1,0,3
BRDA:17,1,1,4
BRDA:49,2,0,1
BRDA:49,2,1,2
BRF:5
BRH:5
end_of_record
TN:
SF:src\calculator.js
FN:1,(anonymous_0)
FN:5,(anonymous_1)
FN:9,(anonymous_2)
FN:13,(anonymous_3)
FNF:4
FNH:4
FNDA:1,(anonymous_0)
FNDA:1,(anonymous_1)
FNDA:1,(anonymous_2)
FNDA:1,(anonymous_3)
DA:1,1
DA:2,1
DA:5,1
DA:6,1
DA:9,1
DA:10,1
DA:13,1
DA:14,1
DA:17,1
LF:9
LH:9
BRF:0
BRH:0
end_of_record
TN:
SF:src\carro.js
FN:2,(anonymous_0)
FN:9,(anonymous_1)
FN:15,(anonymous_2)
FNF:3
FNH:3
FNDA:12,(anonymous_0)
FNDA:10,(anonymous_1)
FNDA:4,(anonymous_2)
DA:3,12
DA:4,12
DA:5,12
DA:6,12
DA:10,10
DA:11,7
DA:16,4
DA:20,1
LF:8
LH:8
BRDA:10,0,0,7
BRDA:10,0,1,3
BRF:2
BRH:2
end_of_record
TN:
SF:src\cnh.js
FN:1,(anonymous_0)
FNF:1
FNH:1
FNDA:2,(anonymous_0)
DA:1,1
DA:2,2
DA:5,1
LF:3
LH:3
BRF:0
BRH:0
end_of_record
TN:
SF:src\lista.js
FN:2,(anonymous_0)
FN:6,(anonymous_1)
FN:10,(anonymous_2)
FN:18,(anonymous_3)
FNF:4
FNH:4
FNDA:12,(anonymous_0)
FNDA:21,(anonymous_1)
FNDA:8,(anonymous_2)
FNDA:9,(anonymous_3)
DA:3,12
DA:7,21
DA:11,8
DA:12,8
DA:13,3
DA:15,5
DA:19,9
DA:23,1
LF:8
LH:8
BRDA:12,0,0,3
BRDA:12,0,1,5
BRF:2
BRH:2
end_of_record
TN:
SF:src\pessoa.js
FN:2,(anonymous_0)
FN:7,(anonymous_1)
FN:11,(anonymous_2)
FNF:3
FNH:3
FNDA:4,(anonymous_0)
FNDA:2,(anonymous_1)
FNDA:2,(anonymous_2)
DA:3,4
DA:4,4
DA:8,2
DA:12,2
DA:16,1
LF:5
LH:5
BRF:0
BRH:0
end_of_record
TN:
SF:src\utilitarios.js
FN:2,(anonymous_0)
FN:6,(anonymous_1)
FN:10,(anonymous_2)
FN:14,(anonymous_3)
FN:18,(anonymous_4)
FN:22,(anonymous_5)
FN:26,(anonymous_6)
FN:30,(anonymous_7)
FN:34,(anonymous_8)
FN:39,(anonymous_9)
FN:43,(anonymous_10)
FN:47,(anonymous_11)
FN:51,(anonymous_12)
FN:55,(anonymous_13)
FN:59,(anonymous_14)
FN:63,(anonymous_15)
FN:67,(anonymous_16)
FN:71,(anonymous_17)
FN:75,(anonymous_18)
FN:79,(anonymous_19)
FN:83,(anonymous_20)
FN:87,(anonymous_21)
FN:89,(anonymous_22)
FN:92,(anonymous_23)
FN:96,(anonymous_24)
FN:101,(anonymous_25)
FNF:26
FNH:26
FNDA:1,(anonymous_0)
FNDA:1,(anonymous_1)
FNDA:1,(anonymous_2)
FNDA:1,(anonymous_3)
FNDA:1,(anonymous_4)
FNDA:1,(anonymous_5)
FNDA:1,(anonymous_6)
FNDA:1,(anonymous_7)
FNDA:2,(anonymous_8)
FNDA:2,(anonymous_9)
FNDA:2,(anonymous_10)
FNDA:2,(anonymous_11)
FNDA:1,(anonymous_12)
FNDA:2,(anonymous_13)
FNDA:1,(anonymous_14)
FNDA:2,(anonymous_15)
FNDA:4,(anonymous_16)
FNDA:1,(anonymous_17)
FNDA:2,(anonymous_18)
FNDA:2,(anonymous_19)
FNDA:1,(anonymous_20)
FNDA:2,(anonymous_21)
FNDA:5,(anonymous_22)
FNDA:1,(anonymous_23)
FNDA:2,(anonymous_24)
FNDA:2,(anonymous_25)
DA:3,1
DA:7,1
DA:11,1
DA:15,1
DA:19,1
DA:23,1
DA:27,1
DA:31,1
DA:35,2
DA:36,1
DA:40,2
DA:44,2
DA:48,2
DA:52,1
DA:56,2
DA:60,1
DA:64,2
DA:68,4
DA:72,1
DA:76,2
DA:80,2
DA:84,1
DA:88,2
DA:89,5
DA:93,1
DA:97,2
DA:98,2
DA:102,2
DA:106,1
LF:29
LH:29
BRDA:35,0,0,1
BRDA:35,0,1,1
BRDA:63,1,0,1
BRDA:68,2,0,4
BRDA:68,2,1,3
BRDA:79,3,0,1
BRDA:88,4,0,1
BRDA:88,4,1,1
BRF:8
BRH:8
end_of_record
